[2025-08-17 15:08:42] ๐ข ํ๋ก๊ทธ๋จ ์์
[2025-08-17 15:17:34] ๐ข ํ๋ก๊ทธ๋จ ์์
[2025-08-17 15:17:34] ๐ก prevConfig.json์ด ์์ต๋๋ค. ์ด๊ธฐ ์ค์์ ์งํํฉ๋๋ค.
[2025-08-17 15:17:38] ๐ข ์ด๊ธฐ ์ค์ ์๋ฃ: prevConfig.json ์์ฑ๋จ
[2025-08-17 15:18:57] โ ์์ธ ๋ฐ์:
Traceback (most recent call last):
  File "C:\Users\paul\Desktop\dev\ํ์ด์ฌqt\app\main.py", line 187, in <module>
    except:
    
KeyboardInterrupt

[2025-08-17 15:20:02] ๐ข ํ๋ก๊ทธ๋จ ์์
[2025-08-17 15:20:11] ๐ข ํ๋ก๊ทธ๋จ ์์
[2025-08-17 15:20:22] ๐ข ์ด๊ธฐ ์ค์ ์๋ฃ: prevConfig.json ์์ฑ๋จ
[2025-08-17 15:20:30] ๐ข prevConfig.json ๋ด์ฉ์ ๋ถ๋ฌ์์ต๋๋ค
[2025-08-17 15:21:43] ๐ข ํ๋ก๊ทธ๋จ ์์
[2025-08-17 15:23:58] ๐ข ํ๋ก๊ทธ๋จ ์์
[2025-08-17 15:24:20] ๐ข ํ๋ก๊ทธ๋จ ์์
[2025-08-17 15:25:02] ๐ข ํ๋ก๊ทธ๋จ ์์
[2025-08-17 15:25:21] ๐ข ํ๋ก๊ทธ๋จ ์์
[2025-08-17 15:27:55] ๐ข ํ๋ก๊ทธ๋จ ์์
[2025-08-17 15:28:01] ๐ข 5๊ฐ ํ์ผ ์ํ๋จ
[2025-08-17 15:29:57] ๐ข ํ๋ก๊ทธ๋จ ์์
[2025-08-17 15:31:31] ๐ข ํ๋ก๊ทธ๋จ ์์
[2025-08-17 15:33:27] ๐ข ํ๋ก๊ทธ๋จ ์์
[2025-08-17 15:33:54] ๐ข ํ๋ก๊ทธ๋จ ์์
[2025-08-17 15:34:25] ๐ข ํ๋ก๊ทธ๋จ ์์
[2025-08-17 15:37:52] ๐ข ํ๋ก๊ทธ๋จ ์์
[2025-08-17 15:39:20] ๐ข ํ๋ก๊ทธ๋จ ์์
[2025-08-17 15:39:48] ๐ข ํ๋ก๊ทธ๋จ ์์
[2025-08-17 15:40:40] ๐ข ํ๋ก๊ทธ๋จ ์์
[2025-08-17 15:40:44] ๐ข ํ๋ก๊ทธ๋จ ์์
[2025-08-17 15:43:54] โ ์์ธ ๋ฐ์:
Traceback (most recent call last):
  File "C:\Users\paul\Desktop\dev\ํ์ด์ฌqt\app\main.py", line 299, in <module>
    close_btn.clicked.connect(dialog.accept)
         ^^^^^^^^^^
KeyboardInterrupt

[2025-08-17 15:43:57] ๐ข ํ๋ก๊ทธ๋จ ์์
